<?xml version="1.0" encoding="UTF-8" ?>
<testsuite tests="1" failures="0" name="cs362.dominion.RandomTestDominion" time="0.972" errors="0" skipped="0">
  <properties>
    <property name="java.runtime.name" value="OpenJDK Runtime Environment"/>
    <property name="sun.boot.library.path" value="/usr/lib/jvm/java-1.8.0-openjdk-1.8.0.111-1.b15.el7_2.x86_64/jre/lib/amd64"/>
    <property name="java.vm.version" value="25.111-b15"/>
    <property name="java.vm.vendor" value="Oracle Corporation"/>
    <property name="java.vendor.url" value="http://java.oracle.com/"/>
    <property name="path.separator" value=":"/>
    <property name="java.vm.name" value="OpenJDK 64-Bit Server VM"/>
    <property name="file.encoding.pkg" value="sun.io"/>
    <property name="user.country" value="US"/>
    <property name="sun.java.launcher" value="SUN_STANDARD"/>
    <property name="sun.os.patch.level" value="unknown"/>
    <property name="java.vm.specification.name" value="Java Virtual Machine Specification"/>
    <property name="user.dir" value="/nfs/stak/students/n/nguyenau/CS362/dominion/dominion"/>
    <property name="java.runtime.version" value="1.8.0_111-b15"/>
    <property name="java.awt.graphicsenv" value="sun.awt.X11GraphicsEnvironment"/>
    <property name="basedir" value="/nfs/stak/students/n/nguyenau/CS362/dominion/dominion"/>
    <property name="java.endorsed.dirs" value="/usr/lib/jvm/java-1.8.0-openjdk-1.8.0.111-1.b15.el7_2.x86_64/jre/lib/endorsed"/>
    <property name="os.arch" value="amd64"/>
    <property name="surefire.real.class.path" value="/nfs/stak/students/n/nguyenau/CS362/dominion/dominion/target/surefire/surefirebooter8911989295071833678.jar"/>
    <property name="java.io.tmpdir" value="/tmp"/>
    <property name="line.separator" value="
"/>
    <property name="java.vm.specification.vendor" value="Oracle Corporation"/>
    <property name="os.name" value="Linux"/>
    <property name="sun.jnu.encoding" value="UTF-8"/>
    <property name="java.library.path" value="/usr/java/packages/lib/amd64:/usr/lib64:/lib64:/lib:/usr/lib"/>
    <property name="surefire.test.class.path" value="/nfs/stak/students/n/nguyenau/CS362/dominion/dominion/target/test-classes:/nfs/stak/students/n/nguyenau/CS362/dominion/dominion/target/classes:/nfs/stak/students/n/nguyenau/.m2/repository/junit/junit/4.12/junit-4.12.jar:/nfs/stak/students/n/nguyenau/.m2/repository/org/pitest/pitest-maven/1.1.11/pitest-maven-1.1.11.jar:/nfs/stak/students/n/nguyenau/.m2/repository/org/pitest/pitest/1.1.11/pitest-1.1.11.jar:/nfs/stak/students/n/nguyenau/.m2/repository/org/pitest/pitest-html-report/1.1.11/pitest-html-report-1.1.11.jar:/nfs/stak/students/n/nguyenau/.m2/repository/org/apache/maven/maven-plugin-api/2.2.1/maven-plugin-api-2.2.1.jar:/nfs/stak/students/n/nguyenau/.m2/repository/org/apache/maven/reporting/maven-reporting-api/2.2.1/maven-reporting-api-2.2.1.jar:/nfs/stak/students/n/nguyenau/.m2/repository/org/apache/maven/doxia/doxia-sink-api/1.1/doxia-sink-api-1.1.jar:/nfs/stak/students/n/nguyenau/.m2/repository/org/apache/maven/doxia/doxia-logging-api/1.1/doxia-logging-api-1.1.jar:/nfs/stak/students/n/nguyenau/.m2/repository/org/apache/maven/reporting/maven-reporting-impl/2.0.4.3/maven-reporting-impl-2.0.4.3.jar:/nfs/stak/students/n/nguyenau/.m2/repository/org/apache/maven/doxia/doxia-core/1.0/doxia-core-1.0.jar:/nfs/stak/students/n/nguyenau/.m2/repository/org/apache/maven/doxia/doxia-site-renderer/1.0/doxia-site-renderer-1.0.jar:/nfs/stak/students/n/nguyenau/.m2/repository/org/codehaus/plexus/plexus-i18n/1.0-beta-7/plexus-i18n-1.0-beta-7.jar:/nfs/stak/students/n/nguyenau/.m2/repository/org/codehaus/plexus/plexus-velocity/1.1.7/plexus-velocity-1.1.7.jar:/nfs/stak/students/n/nguyenau/.m2/repository/org/apache/velocity/velocity/1.5/velocity-1.5.jar:/nfs/stak/students/n/nguyenau/.m2/repository/org/apache/maven/doxia/doxia-decoration-model/1.0/doxia-decoration-model-1.0.jar:/nfs/stak/students/n/nguyenau/.m2/repository/commons-collections/commons-collections/3.2/commons-collections-3.2.jar:/nfs/stak/students/n/nguyenau/.m2/repository/org/apache/maven/doxia/doxia-module-apt/1.0/doxia-module-apt-1.0.jar:/nfs/stak/students/n/nguyenau/.m2/repository/org/apache/maven/doxia/doxia-module-fml/1.0/doxia-module-fml-1.0.jar:/nfs/stak/students/n/nguyenau/.m2/repository/org/apache/maven/doxia/doxia-module-xdoc/1.0/doxia-module-xdoc-1.0.jar:/nfs/stak/students/n/nguyenau/.m2/repository/org/apache/maven/doxia/doxia-module-xhtml/1.0/doxia-module-xhtml-1.0.jar:/nfs/stak/students/n/nguyenau/.m2/repository/commons-validator/commons-validator/1.2.0/commons-validator-1.2.0.jar:/nfs/stak/students/n/nguyenau/.m2/repository/commons-beanutils/commons-beanutils/1.7.0/commons-beanutils-1.7.0.jar:/nfs/stak/students/n/nguyenau/.m2/repository/commons-digester/commons-digester/1.6/commons-digester-1.6.jar:/nfs/stak/students/n/nguyenau/.m2/repository/commons-logging/commons-logging/1.0.4/commons-logging-1.0.4.jar:/nfs/stak/students/n/nguyenau/.m2/repository/oro/oro/2.0.8/oro-2.0.8.jar:/nfs/stak/students/n/nguyenau/.m2/repository/xml-apis/xml-apis/1.0.b2/xml-apis-1.0.b2.jar:/nfs/stak/students/n/nguyenau/.m2/repository/org/apache/maven/shared/maven-doxia-tools/1.0.2/maven-doxia-tools-1.0.2.jar:/nfs/stak/students/n/nguyenau/.m2/repository/commons-io/commons-io/1.4/commons-io-1.4.jar:/nfs/stak/students/n/nguyenau/.m2/repository/org/codehaus/plexus/plexus-utils/1.5.8/plexus-utils-1.5.8.jar:/nfs/stak/students/n/nguyenau/.m2/repository/org/apache/maven/maven-project/2.2.1/maven-project-2.2.1.jar:/nfs/stak/students/n/nguyenau/.m2/repository/org/apache/maven/maven-settings/2.2.1/maven-settings-2.2.1.jar:/nfs/stak/students/n/nguyenau/.m2/repository/org/apache/maven/maven-profile/2.2.1/maven-profile-2.2.1.jar:/nfs/stak/students/n/nguyenau/.m2/repository/org/apache/maven/maven-model/2.2.1/maven-model-2.2.1.jar:/nfs/stak/students/n/nguyenau/.m2/repository/org/apache/maven/maven-artifact-manager/2.2.1/maven-artifact-manager-2.2.1.jar:/nfs/stak/students/n/nguyenau/.m2/repository/org/apache/maven/maven-repository-metadata/2.2.1/maven-repository-metadata-2.2.1.jar:/nfs/stak/students/n/nguyenau/.m2/repository/org/apache/maven/wagon/wagon-provider-api/1.0-beta-6/wagon-provider-api-1.0-beta-6.jar:/nfs/stak/students/n/nguyenau/.m2/repository/backport-util-concurrent/backport-util-concurrent/3.1/backport-util-concurrent-3.1.jar:/nfs/stak/students/n/nguyenau/.m2/repository/org/apache/maven/maven-plugin-registry/2.2.1/maven-plugin-registry-2.2.1.jar:/nfs/stak/students/n/nguyenau/.m2/repository/org/codehaus/plexus/plexus-interpolation/1.11/plexus-interpolation-1.11.jar:/nfs/stak/students/n/nguyenau/.m2/repository/org/codehaus/plexus/plexus-container-default/1.0-alpha-9-stable-1/plexus-container-default-1.0-alpha-9-stable-1.jar:/nfs/stak/students/n/nguyenau/.m2/repository/classworlds/classworlds/1.1-alpha-2/classworlds-1.1-alpha-2.jar:/nfs/stak/students/n/nguyenau/.m2/repository/org/apache/maven/scm/maven-scm-api/1.9.4/maven-scm-api-1.9.4.jar:/nfs/stak/students/n/nguyenau/.m2/repository/org/apache/maven/scm/maven-scm-manager-plexus/1.9.4/maven-scm-manager-plexus-1.9.4.jar:/nfs/stak/students/n/nguyenau/.m2/repository/org/apache/maven/scm/maven-scm-provider-accurev/1.9.4/maven-scm-provider-accurev-1.9.4.jar:/nfs/stak/students/n/nguyenau/.m2/repository/org/apache/maven/scm/maven-scm-provider-bazaar/1.9.4/maven-scm-provider-bazaar-1.9.4.jar:/nfs/stak/students/n/nguyenau/.m2/repository/org/apache/maven/scm/maven-scm-provider-clearcase/1.9.4/maven-scm-provider-clearcase-1.9.4.jar:/nfs/stak/students/n/nguyenau/.m2/repository/org/apache/maven/scm/maven-scm-provider-cvsexe/1.9.4/maven-scm-provider-cvsexe-1.9.4.jar:/nfs/stak/students/n/nguyenau/.m2/repository/org/apache/maven/scm/maven-scm-provider-cvs-commons/1.9.4/maven-scm-provider-cvs-commons-1.9.4.jar:/nfs/stak/students/n/nguyenau/.m2/repository/org/apache/maven/scm/maven-scm-provider-cvsjava/1.9.4/maven-scm-provider-cvsjava-1.9.4.jar:/nfs/stak/students/n/nguyenau/.m2/repository/org/netbeans/lib/cvsclient/20060125/cvsclient-20060125.jar:/nfs/stak/students/n/nguyenau/.m2/repository/ch/ethz/ganymed/ganymed-ssh2/build210/ganymed-ssh2-build210.jar:/nfs/stak/students/n/nguyenau/.m2/repository/org/apache/maven/scm/maven-scm-provider-gitexe/1.9.4/maven-scm-provider-gitexe-1.9.4.jar:/nfs/stak/students/n/nguyenau/.m2/repository/commons-lang/commons-lang/2.6/commons-lang-2.6.jar:/nfs/stak/students/n/nguyenau/.m2/repository/org/apache/maven/scm/maven-scm-provider-git-commons/1.9.4/maven-scm-provider-git-commons-1.9.4.jar:/nfs/stak/students/n/nguyenau/.m2/repository/org/apache/maven/scm/maven-scm-provider-hg/1.9.4/maven-scm-provider-hg-1.9.4.jar:/nfs/stak/students/n/nguyenau/.m2/repository/org/apache/maven/scm/maven-scm-provider-perforce/1.9.4/maven-scm-provider-perforce-1.9.4.jar:/nfs/stak/students/n/nguyenau/.m2/repository/org/apache/maven/scm/maven-scm-provider-starteam/1.9.4/maven-scm-provider-starteam-1.9.4.jar:/nfs/stak/students/n/nguyenau/.m2/repository/org/apache/maven/scm/maven-scm-provider-svnexe/1.9.4/maven-scm-provider-svnexe-1.9.4.jar:/nfs/stak/students/n/nguyenau/.m2/repository/org/apache/maven/scm/maven-scm-provider-svn-commons/1.9.4/maven-scm-provider-svn-commons-1.9.4.jar:/nfs/stak/students/n/nguyenau/.m2/repository/org/apache/maven/scm/maven-scm-provider-synergy/1.9.4/maven-scm-provider-synergy-1.9.4.jar:/nfs/stak/students/n/nguyenau/.m2/repository/org/apache/maven/scm/maven-scm-provider-vss/1.9.4/maven-scm-provider-vss-1.9.4.jar:/nfs/stak/students/n/nguyenau/.m2/repository/org/apache/maven/scm/maven-scm-provider-tfs/1.9.4/maven-scm-provider-tfs-1.9.4.jar:/nfs/stak/students/n/nguyenau/.m2/repository/org/apache/maven/scm/maven-scm-provider-integrity/1.9.4/maven-scm-provider-integrity-1.9.4.jar:/nfs/stak/students/n/nguyenau/.m2/repository/com/mks/api/mksapi-jar/4.10.9049/mksapi-jar-4.10.9049.jar:/nfs/stak/students/n/nguyenau/.m2/repository/org/codehaus/groovy/groovy-all/1.7.6/groovy-all-1.7.6.jar:/nfs/stak/students/n/nguyenau/.m2/repository/org/apache/maven/scm/maven-scm-provider-jazz/1.9.4/maven-scm-provider-jazz-1.9.4.jar:/nfs/stak/students/n/nguyenau/.m2/repository/org/apache/maven/surefire/surefire-booter/2.17/surefire-booter-2.17.jar:/nfs/stak/students/n/nguyenau/.m2/repository/org/apache/maven/surefire/surefire-api/2.17/surefire-api-2.17.jar:/nfs/stak/students/n/nguyenau/.m2/repository/org/apache/maven/surefire/maven-surefire-common/2.17/maven-surefire-common-2.17.jar:/nfs/stak/students/n/nguyenau/.m2/repository/org/apache/maven/plugin-tools/maven-plugin-annotations/3.2/maven-plugin-annotations-3.2.jar:/nfs/stak/students/n/nguyenau/.m2/repository/org/apache/maven/maven-plugin-descriptor/2.0.9/maven-plugin-descriptor-2.0.9.jar:/nfs/stak/students/n/nguyenau/.m2/repository/org/apache/maven/maven-core/2.0.9/maven-core-2.0.9.jar:/nfs/stak/students/n/nguyenau/.m2/repository/org/apache/maven/maven-plugin-parameter-documenter/2.0.9/maven-plugin-parameter-documenter-2.0.9.jar:/nfs/stak/students/n/nguyenau/.m2/repository/org/apache/maven/maven-error-diagnostics/2.0.9/maven-error-diagnostics-2.0.9.jar:/nfs/stak/students/n/nguyenau/.m2/repository/org/apache/maven/maven-monitor/2.0.9/maven-monitor-2.0.9.jar:/nfs/stak/students/n/nguyenau/.m2/repository/org/apache/commons/commons-lang3/3.1/commons-lang3-3.1.jar:/nfs/stak/students/n/nguyenau/.m2/repository/org/apache/maven/maven-artifact/2.2.1/maven-artifact-2.2.1.jar:/nfs/stak/students/n/nguyenau/.m2/repository/org/apache/maven/maven-toolchain/2.2.1/maven-toolchain-2.2.1.jar:/nfs/stak/students/n/nguyenau/.m2/repository/org/slf4j/jul-to-slf4j/1.7.12/jul-to-slf4j-1.7.12.jar:/nfs/stak/students/n/nguyenau/.m2/repository/uk/org/lidalia/sysout-over-slf4j/1.0.2/sysout-over-slf4j-1.0.2.jar:/nfs/stak/students/n/nguyenau/.m2/repository/org/hamcrest/hamcrest-core/1.3/hamcrest-core-1.3.jar:/nfs/stak/students/n/nguyenau/.m2/repository/org/evosuite/evosuite-runtime/1.0.4-alpha2/evosuite-runtime-1.0.4-alpha2.jar:/nfs/stak/students/n/nguyenau/.m2/repository/org/mockito/mockito-all/2.0.2-beta/mockito-all-2.0.2-beta.jar:/nfs/stak/students/n/nguyenau/.m2/repository/org/jboss/spec/javax/servlet/jboss-servlet-api_3.1_spec/1.0.0.Final/jboss-servlet-api_3.1_spec-1.0.0.Final.jar:/nfs/stak/students/n/nguyenau/.m2/repository/javax/inject/javax.inject/1/javax.inject-1.jar:/nfs/stak/students/n/nguyenau/.m2/repository/javax/ejb/javax.ejb-api/3.2/javax.ejb-api-3.2.jar:/nfs/stak/students/n/nguyenau/.m2/repository/javax/transaction/javax.transaction-api/1.2/javax.transaction-api-1.2.jar:/nfs/stak/students/n/nguyenau/.m2/repository/javax/faces/javax.faces-api/2.2/javax.faces-api-2.2.jar:/nfs/stak/students/n/nguyenau/.m2/repository/javax/ws/rs/jsr311-api/1.1.1/jsr311-api-1.1.1.jar:/nfs/stak/students/n/nguyenau/.m2/repository/javax/enterprise/cdi-api/1.2/cdi-api-1.2.jar:/nfs/stak/students/n/nguyenau/.m2/repository/javax/el/javax.el-api/3.0.0/javax.el-api-3.0.0.jar:/nfs/stak/students/n/nguyenau/.m2/repository/javax/interceptor/javax.interceptor-api/1.2/javax.interceptor-api-1.2.jar:/nfs/stak/students/n/nguyenau/.m2/repository/org/hibernate/hibernate-entitymanager/5.0.5.Final/hibernate-entitymanager-5.0.5.Final.jar:/nfs/stak/students/n/nguyenau/.m2/repository/org/jboss/logging/jboss-logging/3.3.0.Final/jboss-logging-3.3.0.Final.jar:/nfs/stak/students/n/nguyenau/.m2/repository/org/hibernate/hibernate-core/5.0.5.Final/hibernate-core-5.0.5.Final.jar:/nfs/stak/students/n/nguyenau/.m2/repository/antlr/antlr/2.7.7/antlr-2.7.7.jar:/nfs/stak/students/n/nguyenau/.m2/repository/org/jboss/jandex/2.0.0.Final/jandex-2.0.0.Final.jar:/nfs/stak/students/n/nguyenau/.m2/repository/dom4j/dom4j/1.6.1/dom4j-1.6.1.jar:/nfs/stak/students/n/nguyenau/.m2/repository/org/hibernate/common/hibernate-commons-annotations/5.0.1.Final/hibernate-commons-annotations-5.0.1.Final.jar:/nfs/stak/students/n/nguyenau/.m2/repository/org/hibernate/javax/persistence/hibernate-jpa-2.1-api/1.0.0.Final/hibernate-jpa-2.1-api-1.0.0.Final.jar:/nfs/stak/students/n/nguyenau/.m2/repository/org/javassist/javassist/3.18.1-GA/javassist-3.18.1-GA.jar:/nfs/stak/students/n/nguyenau/.m2/repository/org/hsqldb/hsqldb/2.3.3/hsqldb-2.3.3.jar:/nfs/stak/students/n/nguyenau/.m2/repository/org/springframework/spring-orm/4.2.5.RELEASE/spring-orm-4.2.5.RELEASE.jar:/nfs/stak/students/n/nguyenau/.m2/repository/org/springframework/spring-beans/4.2.5.RELEASE/spring-beans-4.2.5.RELEASE.jar:/nfs/stak/students/n/nguyenau/.m2/repository/org/springframework/spring-core/4.2.5.RELEASE/spring-core-4.2.5.RELEASE.jar:/nfs/stak/students/n/nguyenau/.m2/repository/org/springframework/spring-jdbc/4.2.5.RELEASE/spring-jdbc-4.2.5.RELEASE.jar:/nfs/stak/students/n/nguyenau/.m2/repository/org/springframework/spring-tx/4.2.5.RELEASE/spring-tx-4.2.5.RELEASE.jar:/nfs/stak/students/n/nguyenau/.m2/repository/org/springframework/spring-context/4.2.5.RELEASE/spring-context-4.2.5.RELEASE.jar:/nfs/stak/students/n/nguyenau/.m2/repository/org/springframework/spring-aop/4.2.5.RELEASE/spring-aop-4.2.5.RELEASE.jar:/nfs/stak/students/n/nguyenau/.m2/repository/aopalliance/aopalliance/1.0/aopalliance-1.0.jar:/nfs/stak/students/n/nguyenau/.m2/repository/org/springframework/spring-expression/4.2.5.RELEASE/spring-expression-4.2.5.RELEASE.jar:/nfs/stak/students/n/nguyenau/.m2/repository/org/slf4j/slf4j-api/1.7.20/slf4j-api-1.7.20.jar:/usr/lib/jvm/java-1.8.0-openjdk-1.8.0.111-1.b15.el7_2.x86_64/jre/../lib/tools.jar:/nfs/stak/students/n/nguyenau/.m2/repository/org/ow2/asm/asm-all/5.1/asm-all-5.1.jar:"/>
    <property name="java.specification.name" value="Java Platform API Specification"/>
    <property name="java.class.version" value="52.0"/>
    <property name="sun.management.compiler" value="HotSpot 64-Bit Tiered Compilers"/>
    <property name="os.version" value="3.10.0-327.36.3.el7.x86_64"/>
    <property name="user.home" value="/nfs/stak/students/n/nguyenau"/>
    <property name="user.timezone" value=""/>
    <property name="java.awt.printerjob" value="sun.print.PSPrinterJob"/>
    <property name="file.encoding" value="UTF-8"/>
    <property name="java.specification.version" value="1.8"/>
    <property name="user.name" value="nguyenau"/>
    <property name="java.class.path" value="/nfs/stak/students/n/nguyenau/CS362/dominion/dominion/target/test-classes:/nfs/stak/students/n/nguyenau/CS362/dominion/dominion/target/classes:/nfs/stak/students/n/nguyenau/.m2/repository/junit/junit/4.12/junit-4.12.jar:/nfs/stak/students/n/nguyenau/.m2/repository/org/pitest/pitest-maven/1.1.11/pitest-maven-1.1.11.jar:/nfs/stak/students/n/nguyenau/.m2/repository/org/pitest/pitest/1.1.11/pitest-1.1.11.jar:/nfs/stak/students/n/nguyenau/.m2/repository/org/pitest/pitest-html-report/1.1.11/pitest-html-report-1.1.11.jar:/nfs/stak/students/n/nguyenau/.m2/repository/org/apache/maven/maven-plugin-api/2.2.1/maven-plugin-api-2.2.1.jar:/nfs/stak/students/n/nguyenau/.m2/repository/org/apache/maven/reporting/maven-reporting-api/2.2.1/maven-reporting-api-2.2.1.jar:/nfs/stak/students/n/nguyenau/.m2/repository/org/apache/maven/doxia/doxia-sink-api/1.1/doxia-sink-api-1.1.jar:/nfs/stak/students/n/nguyenau/.m2/repository/org/apache/maven/doxia/doxia-logging-api/1.1/doxia-logging-api-1.1.jar:/nfs/stak/students/n/nguyenau/.m2/repository/org/apache/maven/reporting/maven-reporting-impl/2.0.4.3/maven-reporting-impl-2.0.4.3.jar:/nfs/stak/students/n/nguyenau/.m2/repository/org/apache/maven/doxia/doxia-core/1.0/doxia-core-1.0.jar:/nfs/stak/students/n/nguyenau/.m2/repository/org/apache/maven/doxia/doxia-site-renderer/1.0/doxia-site-renderer-1.0.jar:/nfs/stak/students/n/nguyenau/.m2/repository/org/codehaus/plexus/plexus-i18n/1.0-beta-7/plexus-i18n-1.0-beta-7.jar:/nfs/stak/students/n/nguyenau/.m2/repository/org/codehaus/plexus/plexus-velocity/1.1.7/plexus-velocity-1.1.7.jar:/nfs/stak/students/n/nguyenau/.m2/repository/org/apache/velocity/velocity/1.5/velocity-1.5.jar:/nfs/stak/students/n/nguyenau/.m2/repository/org/apache/maven/doxia/doxia-decoration-model/1.0/doxia-decoration-model-1.0.jar:/nfs/stak/students/n/nguyenau/.m2/repository/commons-collections/commons-collections/3.2/commons-collections-3.2.jar:/nfs/stak/students/n/nguyenau/.m2/repository/org/apache/maven/doxia/doxia-module-apt/1.0/doxia-module-apt-1.0.jar:/nfs/stak/students/n/nguyenau/.m2/repository/org/apache/maven/doxia/doxia-module-fml/1.0/doxia-module-fml-1.0.jar:/nfs/stak/students/n/nguyenau/.m2/repository/org/apache/maven/doxia/doxia-module-xdoc/1.0/doxia-module-xdoc-1.0.jar:/nfs/stak/students/n/nguyenau/.m2/repository/org/apache/maven/doxia/doxia-module-xhtml/1.0/doxia-module-xhtml-1.0.jar:/nfs/stak/students/n/nguyenau/.m2/repository/commons-validator/commons-validator/1.2.0/commons-validator-1.2.0.jar:/nfs/stak/students/n/nguyenau/.m2/repository/commons-beanutils/commons-beanutils/1.7.0/commons-beanutils-1.7.0.jar:/nfs/stak/students/n/nguyenau/.m2/repository/commons-digester/commons-digester/1.6/commons-digester-1.6.jar:/nfs/stak/students/n/nguyenau/.m2/repository/commons-logging/commons-logging/1.0.4/commons-logging-1.0.4.jar:/nfs/stak/students/n/nguyenau/.m2/repository/oro/oro/2.0.8/oro-2.0.8.jar:/nfs/stak/students/n/nguyenau/.m2/repository/xml-apis/xml-apis/1.0.b2/xml-apis-1.0.b2.jar:/nfs/stak/students/n/nguyenau/.m2/repository/org/apache/maven/shared/maven-doxia-tools/1.0.2/maven-doxia-tools-1.0.2.jar:/nfs/stak/students/n/nguyenau/.m2/repository/commons-io/commons-io/1.4/commons-io-1.4.jar:/nfs/stak/students/n/nguyenau/.m2/repository/org/codehaus/plexus/plexus-utils/1.5.8/plexus-utils-1.5.8.jar:/nfs/stak/students/n/nguyenau/.m2/repository/org/apache/maven/maven-project/2.2.1/maven-project-2.2.1.jar:/nfs/stak/students/n/nguyenau/.m2/repository/org/apache/maven/maven-settings/2.2.1/maven-settings-2.2.1.jar:/nfs/stak/students/n/nguyenau/.m2/repository/org/apache/maven/maven-profile/2.2.1/maven-profile-2.2.1.jar:/nfs/stak/students/n/nguyenau/.m2/repository/org/apache/maven/maven-model/2.2.1/maven-model-2.2.1.jar:/nfs/stak/students/n/nguyenau/.m2/repository/org/apache/maven/maven-artifact-manager/2.2.1/maven-artifact-manager-2.2.1.jar:/nfs/stak/students/n/nguyenau/.m2/repository/org/apache/maven/maven-repository-metadata/2.2.1/maven-repository-metadata-2.2.1.jar:/nfs/stak/students/n/nguyenau/.m2/repository/org/apache/maven/wagon/wagon-provider-api/1.0-beta-6/wagon-provider-api-1.0-beta-6.jar:/nfs/stak/students/n/nguyenau/.m2/repository/backport-util-concurrent/backport-util-concurrent/3.1/backport-util-concurrent-3.1.jar:/nfs/stak/students/n/nguyenau/.m2/repository/org/apache/maven/maven-plugin-registry/2.2.1/maven-plugin-registry-2.2.1.jar:/nfs/stak/students/n/nguyenau/.m2/repository/org/codehaus/plexus/plexus-interpolation/1.11/plexus-interpolation-1.11.jar:/nfs/stak/students/n/nguyenau/.m2/repository/org/codehaus/plexus/plexus-container-default/1.0-alpha-9-stable-1/plexus-container-default-1.0-alpha-9-stable-1.jar:/nfs/stak/students/n/nguyenau/.m2/repository/classworlds/classworlds/1.1-alpha-2/classworlds-1.1-alpha-2.jar:/nfs/stak/students/n/nguyenau/.m2/repository/org/apache/maven/scm/maven-scm-api/1.9.4/maven-scm-api-1.9.4.jar:/nfs/stak/students/n/nguyenau/.m2/repository/org/apache/maven/scm/maven-scm-manager-plexus/1.9.4/maven-scm-manager-plexus-1.9.4.jar:/nfs/stak/students/n/nguyenau/.m2/repository/org/apache/maven/scm/maven-scm-provider-accurev/1.9.4/maven-scm-provider-accurev-1.9.4.jar:/nfs/stak/students/n/nguyenau/.m2/repository/org/apache/maven/scm/maven-scm-provider-bazaar/1.9.4/maven-scm-provider-bazaar-1.9.4.jar:/nfs/stak/students/n/nguyenau/.m2/repository/org/apache/maven/scm/maven-scm-provider-clearcase/1.9.4/maven-scm-provider-clearcase-1.9.4.jar:/nfs/stak/students/n/nguyenau/.m2/repository/org/apache/maven/scm/maven-scm-provider-cvsexe/1.9.4/maven-scm-provider-cvsexe-1.9.4.jar:/nfs/stak/students/n/nguyenau/.m2/repository/org/apache/maven/scm/maven-scm-provider-cvs-commons/1.9.4/maven-scm-provider-cvs-commons-1.9.4.jar:/nfs/stak/students/n/nguyenau/.m2/repository/org/apache/maven/scm/maven-scm-provider-cvsjava/1.9.4/maven-scm-provider-cvsjava-1.9.4.jar:/nfs/stak/students/n/nguyenau/.m2/repository/org/netbeans/lib/cvsclient/20060125/cvsclient-20060125.jar:/nfs/stak/students/n/nguyenau/.m2/repository/ch/ethz/ganymed/ganymed-ssh2/build210/ganymed-ssh2-build210.jar:/nfs/stak/students/n/nguyenau/.m2/repository/org/apache/maven/scm/maven-scm-provider-gitexe/1.9.4/maven-scm-provider-gitexe-1.9.4.jar:/nfs/stak/students/n/nguyenau/.m2/repository/commons-lang/commons-lang/2.6/commons-lang-2.6.jar:/nfs/stak/students/n/nguyenau/.m2/repository/org/apache/maven/scm/maven-scm-provider-git-commons/1.9.4/maven-scm-provider-git-commons-1.9.4.jar:/nfs/stak/students/n/nguyenau/.m2/repository/org/apache/maven/scm/maven-scm-provider-hg/1.9.4/maven-scm-provider-hg-1.9.4.jar:/nfs/stak/students/n/nguyenau/.m2/repository/org/apache/maven/scm/maven-scm-provider-perforce/1.9.4/maven-scm-provider-perforce-1.9.4.jar:/nfs/stak/students/n/nguyenau/.m2/repository/org/apache/maven/scm/maven-scm-provider-starteam/1.9.4/maven-scm-provider-starteam-1.9.4.jar:/nfs/stak/students/n/nguyenau/.m2/repository/org/apache/maven/scm/maven-scm-provider-svnexe/1.9.4/maven-scm-provider-svnexe-1.9.4.jar:/nfs/stak/students/n/nguyenau/.m2/repository/org/apache/maven/scm/maven-scm-provider-svn-commons/1.9.4/maven-scm-provider-svn-commons-1.9.4.jar:/nfs/stak/students/n/nguyenau/.m2/repository/org/apache/maven/scm/maven-scm-provider-synergy/1.9.4/maven-scm-provider-synergy-1.9.4.jar:/nfs/stak/students/n/nguyenau/.m2/repository/org/apache/maven/scm/maven-scm-provider-vss/1.9.4/maven-scm-provider-vss-1.9.4.jar:/nfs/stak/students/n/nguyenau/.m2/repository/org/apache/maven/scm/maven-scm-provider-tfs/1.9.4/maven-scm-provider-tfs-1.9.4.jar:/nfs/stak/students/n/nguyenau/.m2/repository/org/apache/maven/scm/maven-scm-provider-integrity/1.9.4/maven-scm-provider-integrity-1.9.4.jar:/nfs/stak/students/n/nguyenau/.m2/repository/com/mks/api/mksapi-jar/4.10.9049/mksapi-jar-4.10.9049.jar:/nfs/stak/students/n/nguyenau/.m2/repository/org/codehaus/groovy/groovy-all/1.7.6/groovy-all-1.7.6.jar:/nfs/stak/students/n/nguyenau/.m2/repository/org/apache/maven/scm/maven-scm-provider-jazz/1.9.4/maven-scm-provider-jazz-1.9.4.jar:/nfs/stak/students/n/nguyenau/.m2/repository/org/apache/maven/surefire/surefire-booter/2.17/surefire-booter-2.17.jar:/nfs/stak/students/n/nguyenau/.m2/repository/org/apache/maven/surefire/surefire-api/2.17/surefire-api-2.17.jar:/nfs/stak/students/n/nguyenau/.m2/repository/org/apache/maven/surefire/maven-surefire-common/2.17/maven-surefire-common-2.17.jar:/nfs/stak/students/n/nguyenau/.m2/repository/org/apache/maven/plugin-tools/maven-plugin-annotations/3.2/maven-plugin-annotations-3.2.jar:/nfs/stak/students/n/nguyenau/.m2/repository/org/apache/maven/maven-plugin-descriptor/2.0.9/maven-plugin-descriptor-2.0.9.jar:/nfs/stak/students/n/nguyenau/.m2/repository/org/apache/maven/maven-core/2.0.9/maven-core-2.0.9.jar:/nfs/stak/students/n/nguyenau/.m2/repository/org/apache/maven/maven-plugin-parameter-documenter/2.0.9/maven-plugin-parameter-documenter-2.0.9.jar:/nfs/stak/students/n/nguyenau/.m2/repository/org/apache/maven/maven-error-diagnostics/2.0.9/maven-error-diagnostics-2.0.9.jar:/nfs/stak/students/n/nguyenau/.m2/repository/org/apache/maven/maven-monitor/2.0.9/maven-monitor-2.0.9.jar:/nfs/stak/students/n/nguyenau/.m2/repository/org/apache/commons/commons-lang3/3.1/commons-lang3-3.1.jar:/nfs/stak/students/n/nguyenau/.m2/repository/org/apache/maven/maven-artifact/2.2.1/maven-artifact-2.2.1.jar:/nfs/stak/students/n/nguyenau/.m2/repository/org/apache/maven/maven-toolchain/2.2.1/maven-toolchain-2.2.1.jar:/nfs/stak/students/n/nguyenau/.m2/repository/org/slf4j/jul-to-slf4j/1.7.12/jul-to-slf4j-1.7.12.jar:/nfs/stak/students/n/nguyenau/.m2/repository/uk/org/lidalia/sysout-over-slf4j/1.0.2/sysout-over-slf4j-1.0.2.jar:/nfs/stak/students/n/nguyenau/.m2/repository/org/hamcrest/hamcrest-core/1.3/hamcrest-core-1.3.jar:/nfs/stak/students/n/nguyenau/.m2/repository/org/evosuite/evosuite-runtime/1.0.4-alpha2/evosuite-runtime-1.0.4-alpha2.jar:/nfs/stak/students/n/nguyenau/.m2/repository/org/mockito/mockito-all/2.0.2-beta/mockito-all-2.0.2-beta.jar:/nfs/stak/students/n/nguyenau/.m2/repository/org/jboss/spec/javax/servlet/jboss-servlet-api_3.1_spec/1.0.0.Final/jboss-servlet-api_3.1_spec-1.0.0.Final.jar:/nfs/stak/students/n/nguyenau/.m2/repository/javax/inject/javax.inject/1/javax.inject-1.jar:/nfs/stak/students/n/nguyenau/.m2/repository/javax/ejb/javax.ejb-api/3.2/javax.ejb-api-3.2.jar:/nfs/stak/students/n/nguyenau/.m2/repository/javax/transaction/javax.transaction-api/1.2/javax.transaction-api-1.2.jar:/nfs/stak/students/n/nguyenau/.m2/repository/javax/faces/javax.faces-api/2.2/javax.faces-api-2.2.jar:/nfs/stak/students/n/nguyenau/.m2/repository/javax/ws/rs/jsr311-api/1.1.1/jsr311-api-1.1.1.jar:/nfs/stak/students/n/nguyenau/.m2/repository/javax/enterprise/cdi-api/1.2/cdi-api-1.2.jar:/nfs/stak/students/n/nguyenau/.m2/repository/javax/el/javax.el-api/3.0.0/javax.el-api-3.0.0.jar:/nfs/stak/students/n/nguyenau/.m2/repository/javax/interceptor/javax.interceptor-api/1.2/javax.interceptor-api-1.2.jar:/nfs/stak/students/n/nguyenau/.m2/repository/org/hibernate/hibernate-entitymanager/5.0.5.Final/hibernate-entitymanager-5.0.5.Final.jar:/nfs/stak/students/n/nguyenau/.m2/repository/org/jboss/logging/jboss-logging/3.3.0.Final/jboss-logging-3.3.0.Final.jar:/nfs/stak/students/n/nguyenau/.m2/repository/org/hibernate/hibernate-core/5.0.5.Final/hibernate-core-5.0.5.Final.jar:/nfs/stak/students/n/nguyenau/.m2/repository/antlr/antlr/2.7.7/antlr-2.7.7.jar:/nfs/stak/students/n/nguyenau/.m2/repository/org/jboss/jandex/2.0.0.Final/jandex-2.0.0.Final.jar:/nfs/stak/students/n/nguyenau/.m2/repository/dom4j/dom4j/1.6.1/dom4j-1.6.1.jar:/nfs/stak/students/n/nguyenau/.m2/repository/org/hibernate/common/hibernate-commons-annotations/5.0.1.Final/hibernate-commons-annotations-5.0.1.Final.jar:/nfs/stak/students/n/nguyenau/.m2/repository/org/hibernate/javax/persistence/hibernate-jpa-2.1-api/1.0.0.Final/hibernate-jpa-2.1-api-1.0.0.Final.jar:/nfs/stak/students/n/nguyenau/.m2/repository/org/javassist/javassist/3.18.1-GA/javassist-3.18.1-GA.jar:/nfs/stak/students/n/nguyenau/.m2/repository/org/hsqldb/hsqldb/2.3.3/hsqldb-2.3.3.jar:/nfs/stak/students/n/nguyenau/.m2/repository/org/springframework/spring-orm/4.2.5.RELEASE/spring-orm-4.2.5.RELEASE.jar:/nfs/stak/students/n/nguyenau/.m2/repository/org/springframework/spring-beans/4.2.5.RELEASE/spring-beans-4.2.5.RELEASE.jar:/nfs/stak/students/n/nguyenau/.m2/repository/org/springframework/spring-core/4.2.5.RELEASE/spring-core-4.2.5.RELEASE.jar:/nfs/stak/students/n/nguyenau/.m2/repository/org/springframework/spring-jdbc/4.2.5.RELEASE/spring-jdbc-4.2.5.RELEASE.jar:/nfs/stak/students/n/nguyenau/.m2/repository/org/springframework/spring-tx/4.2.5.RELEASE/spring-tx-4.2.5.RELEASE.jar:/nfs/stak/students/n/nguyenau/.m2/repository/org/springframework/spring-context/4.2.5.RELEASE/spring-context-4.2.5.RELEASE.jar:/nfs/stak/students/n/nguyenau/.m2/repository/org/springframework/spring-aop/4.2.5.RELEASE/spring-aop-4.2.5.RELEASE.jar:/nfs/stak/students/n/nguyenau/.m2/repository/aopalliance/aopalliance/1.0/aopalliance-1.0.jar:/nfs/stak/students/n/nguyenau/.m2/repository/org/springframework/spring-expression/4.2.5.RELEASE/spring-expression-4.2.5.RELEASE.jar:/nfs/stak/students/n/nguyenau/.m2/repository/org/slf4j/slf4j-api/1.7.20/slf4j-api-1.7.20.jar:/usr/lib/jvm/java-1.8.0-openjdk-1.8.0.111-1.b15.el7_2.x86_64/jre/../lib/tools.jar:/nfs/stak/students/n/nguyenau/.m2/repository/org/ow2/asm/asm-all/5.1/asm-all-5.1.jar:"/>
    <property name="java.vm.specification.version" value="1.8"/>
    <property name="sun.arch.data.model" value="64"/>
    <property name="java.home" value="/usr/lib/jvm/java-1.8.0-openjdk-1.8.0.111-1.b15.el7_2.x86_64/jre"/>
    <property name="sun.java.command" value="/nfs/stak/students/n/nguyenau/CS362/dominion/dominion/target/surefire/surefirebooter8911989295071833678.jar /nfs/stak/students/n/nguyenau/CS362/dominion/dominion/target/surefire/surefire1196865663146287263tmp /nfs/stak/students/n/nguyenau/CS362/dominion/dominion/target/surefire/surefire638892996151655624tmp"/>
    <property name="java.specification.vendor" value="Oracle Corporation"/>
    <property name="user.language" value="en"/>
    <property name="awt.toolkit" value="sun.awt.X11.XToolkit"/>
    <property name="java.vm.info" value="mixed mode"/>
    <property name="java.version" value="1.8.0_111"/>
    <property name="java.ext.dirs" value="/usr/lib/jvm/java-1.8.0-openjdk-1.8.0.111-1.b15.el7_2.x86_64/jre/lib/ext:/usr/java/packages/lib/ext"/>
    <property name="sun.boot.class.path" value="/usr/lib/jvm/java-1.8.0-openjdk-1.8.0.111-1.b15.el7_2.x86_64/jre/lib/resources.jar:/usr/lib/jvm/java-1.8.0-openjdk-1.8.0.111-1.b15.el7_2.x86_64/jre/lib/rt.jar:/usr/lib/jvm/java-1.8.0-openjdk-1.8.0.111-1.b15.el7_2.x86_64/jre/lib/sunrsasign.jar:/usr/lib/jvm/java-1.8.0-openjdk-1.8.0.111-1.b15.el7_2.x86_64/jre/lib/jsse.jar:/usr/lib/jvm/java-1.8.0-openjdk-1.8.0.111-1.b15.el7_2.x86_64/jre/lib/jce.jar:/usr/lib/jvm/java-1.8.0-openjdk-1.8.0.111-1.b15.el7_2.x86_64/jre/lib/charsets.jar:/usr/lib/jvm/java-1.8.0-openjdk-1.8.0.111-1.b15.el7_2.x86_64/jre/lib/jfr.jar:/usr/lib/jvm/java-1.8.0-openjdk-1.8.0.111-1.b15.el7_2.x86_64/jre/classes"/>
    <property name="java.vendor" value="Oracle Corporation"/>
    <property name="localRepository" value="/nfs/stak/students/n/nguyenau/.m2/repository"/>
    <property name="file.separator" value="/"/>
    <property name="java.vendor.url.bug" value="http://bugreport.sun.com/bugreport/"/>
    <property name="sun.cpu.endian" value="little"/>
    <property name="sun.io.unicode.encoding" value="UnicodeLittle"/>
    <property name="sun.cpu.isalist" value=""/>
  </properties>
  <testcase classname="cs362.dominion.RandomTestDominion" name="RandomTestApparatus" time="0.953"/>
</testsuite>